G:\GIT\OURGAME\OURDREAM\2D游戏\2D类仙剑1游戏\MEND\DEBUG\MEND.EXE
G:\GIT\OURGAME\OURDREAM\2D游戏\2D类仙剑1游戏\MEND\DEBUG\MEND.ILK
G:\GIT\OURGAME\OURDREAM\2D游戏\2D类仙剑1游戏\MEND\DEBUG\MEND.PDB
G:\git\OurGame\OurDream\2D游戏\2D类仙剑1游戏\Mend\Mend\Debug\cl.command.1.tlog
G:\git\OurGame\OurDream\2D游戏\2D类仙剑1游戏\Mend\Mend\Debug\CL.read.1.tlog
G:\git\OurGame\OurDream\2D游戏\2D类仙剑1游戏\Mend\Mend\Debug\CL.write.1.tlog
G:\GIT\OURGAME\OURDREAM\2D游戏\2D类仙剑1游戏\MEND\MEND\DEBUG\ENGINE.OBJ
G:\git\OurGame\OurDream\2D游戏\2D类仙剑1游戏\Mend\Mend\Debug\link.10340.read.1.tlog
G:\git\OurGame\OurDream\2D游戏\2D类仙剑1游戏\Mend\Mend\Debug\link.10340.write.1.tlog
G:\git\OurGame\OurDream\2D游戏\2D类仙剑1游戏\Mend\Mend\Debug\link.10340-cvtres.read.1.tlog
G:\git\OurGame\OurDream\2D游戏\2D类仙剑1游戏\Mend\Mend\Debug\link.10340-cvtres.write.1.tlog
G:\git\OurGame\OurDream\2D游戏\2D类仙剑1游戏\Mend\Mend\Debug\link.11848.read.1.tlog
G:\git\OurGame\OurDream\2D游戏\2D类仙剑1游戏\Mend\Mend\Debug\link.11848.write.1.tlog
G:\git\OurGame\OurDream\2D游戏\2D类仙剑1游戏\Mend\Mend\Debug\link.11848-cvtres.read.1.tlog
G:\git\OurGame\OurDream\2D游戏\2D类仙剑1游戏\Mend\Mend\Debug\link.11848-cvtres.write.1.tlog
G:\git\OurGame\OurDream\2D游戏\2D类仙剑1游戏\Mend\Mend\Debug\link.12224.read.1.tlog
G:\git\OurGame\OurDream\2D游戏\2D类仙剑1游戏\Mend\Mend\Debug\link.12224.write.1.tlog
G:\git\OurGame\OurDream\2D游戏\2D类仙剑1游戏\Mend\Mend\Debug\link.12224-cvtres.read.1.tlog
G:\git\OurGame\OurDream\2D游戏\2D类仙剑1游戏\Mend\Mend\Debug\link.12224-cvtres.write.1.tlog
G:\git\OurGame\OurDream\2D游戏\2D类仙剑1游戏\Mend\Mend\Debug\link.7708.read.1.tlog
G:\git\OurGame\OurDream\2D游戏\2D类仙剑1游戏\Mend\Mend\Debug\link.7708.write.1.tlog
G:\git\OurGame\OurDream\2D游戏\2D类仙剑1游戏\Mend\Mend\Debug\link.7708-cvtres.read.1.tlog
G:\git\OurGame\OurDream\2D游戏\2D类仙剑1游戏\Mend\Mend\Debug\link.7708-cvtres.write.1.tlog
G:\git\OurGame\OurDream\2D游戏\2D类仙剑1游戏\Mend\Mend\Debug\link.command.1.tlog
G:\git\OurGame\OurDream\2D游戏\2D类仙剑1游戏\Mend\Mend\Debug\link.read.1.tlog
G:\git\OurGame\OurDream\2D游戏\2D类仙剑1游戏\Mend\Mend\Debug\link.write.1.tlog
G:\git\OurGame\OurDream\2D游戏\2D类仙剑1游戏\Mend\Mend\Debug\link-cvtres.read.1.tlog
G:\git\OurGame\OurDream\2D游戏\2D类仙剑1游戏\Mend\Mend\Debug\link-cvtres.write.1.tlog
G:\GIT\OURGAME\OURDREAM\2D游戏\2D类仙剑1游戏\MEND\MEND\DEBUG\MEND.EXE.EMBED.MANIFEST
G:\GIT\OURGAME\OURDREAM\2D游戏\2D类仙剑1游戏\MEND\MEND\DEBUG\MEND.EXE.EMBED.MANIFEST.RES
G:\GIT\OURGAME\OURDREAM\2D游戏\2D类仙剑1游戏\MEND\MEND\DEBUG\MEND.EXE.INTERMEDIATE.MANIFEST
G:\git\OurGame\OurDream\2D游戏\2D类仙剑1游戏\Mend\Mend\Debug\Mend.vcxprojResolveAssemblyReference.cache
G:\git\OurGame\OurDream\2D游戏\2D类仙剑1游戏\Mend\Mend\Debug\Mend.write.1.tlog
G:\git\OurGame\OurDream\2D游戏\2D类仙剑1游戏\Mend\Mend\Debug\Mend_manifest.rc
G:\GIT\OURGAME\OURDREAM\2D游戏\2D类仙剑1游戏\MEND\MEND\DEBUG\MENDCMEMORY.OBJ
G:\GIT\OURGAME\OURDREAM\2D游戏\2D类仙剑1游戏\MEND\MEND\DEBUG\MENDCSCRIPT.OBJ
G:\git\OurGame\OurDream\2D游戏\2D类仙剑1游戏\Mend\Mend\Debug\mt.command.1.tlog
G:\git\OurGame\OurDream\2D游戏\2D类仙剑1游戏\Mend\Mend\Debug\mt.read.1.tlog
G:\git\OurGame\OurDream\2D游戏\2D类仙剑1游戏\Mend\Mend\Debug\mt.write.1.tlog
G:\git\OurGame\OurDream\2D游戏\2D类仙剑1游戏\Mend\Mend\Debug\rc.command.1.tlog
G:\git\OurGame\OurDream\2D游戏\2D类仙剑1游戏\Mend\Mend\Debug\rc.read.1.tlog
G:\git\OurGame\OurDream\2D游戏\2D类仙剑1游戏\Mend\Mend\Debug\rc.write.1.tlog
G:\GIT\OURGAME\OURDREAM\2D游戏\2D类仙剑1游戏\MEND\MEND\DEBUG\TEST.OBJ
G:\git\OurGame\OurDream\2D游戏\2D类仙剑1游戏\Mend\Mend\Debug\vc100.idb
G:\GIT\OURGAME\OURDREAM\2D游戏\2D类仙剑1游戏\MEND\MEND\DEBUG\VC100.PDB
