生成启动时间为 2016/12/4 星期日 4:52:11。
     1>项目“G:\git\OurGame\OurDream\2D游戏\2D类仙剑1游戏\Mend\Mend\Mend.vcxproj”在节点 2 上(build 个目标)。
     1>InitializeBuildStatus:
         正在对“Debug\Mend.unsuccessfulbuild”执行 Touch 任务。
       ClCompile:
         D:\Program Files (x86)\Microsoft Visual Studio 10.0\VC\bin\CL.exe /c /ZI /nologo /W3 /WX- /Od /Oy- /D WIN32 /D _DEBUG /D _CONSOLE /D _MBCS /Gm /EHsc /RTC1 /MDd /GS /fp:precise /Zc:wchar_t /Zc:forScope /Fo"Debug\\" /Fd"Debug\vc100.pdb" /Gd /TP /analyze- /errorReport:prompt MendCScript.cpp
         MendCScript.cpp
     1>g:\git\ourgame\ourdream\2d游戏\2d类仙剑1游戏\mend\mend\mendcscript.cpp(105): warning C4996: 'strcpy': This function or variable may be unsafe. Consider using strcpy_s instead. To disable deprecation, use _CRT_SECURE_NO_WARNINGS. See online help for details.
                 d:\program files (x86)\microsoft visual studio 10.0\vc\include\string.h(105) : 参见“strcpy”的声明
       ManifestResourceCompile:
         所有输出均为最新。
       Link:
         D:\Program Files (x86)\Microsoft Visual Studio 10.0\VC\bin\link.exe /ERRORREPORT:PROMPT /OUT:"G:\git\OurGame\OurDream\2D游戏\2D类仙剑1游戏\Mend\Debug\Mend.exe" /INCREMENTAL /NOLOGO kernel32.lib user32.lib gdi32.lib winspool.lib comdlg32.lib advapi32.lib shell32.lib ole32.lib oleaut32.lib uuid.lib odbc32.lib odbccp32.lib /MANIFEST /ManifestFile:"Debug\Mend.exe.intermediate.manifest" /MANIFESTUAC:"level='asInvoker' uiAccess='false'" /DEBUG /PDB:"G:\git\OurGame\OurDream\2D游戏\2D类仙剑1游戏\Mend\Debug\Mend.pdb" /SUBSYSTEM:CONSOLE /TLBID:1 /DYNAMICBASE /NXCOMPAT /IMPLIB:"G:\git\OurGame\OurDream\2D游戏\2D类仙剑1游戏\Mend\Debug\Mend.lib" /MACHINE:X86 Debug\Mend.exe.embed.manifest.res
         Debug\engine.obj
         Debug\MendCMemory.obj
         Debug\MendCScript.obj
         Debug\test.obj
       Manifest:
         C:\Program Files (x86)\Microsoft SDKs\Windows\v7.0A\bin\mt.exe /nologo /verbose /out:"Debug\Mend.exe.embed.manifest" /manifest Debug\Mend.exe.intermediate.manifest
         所有输出均为最新。
       LinkEmbedManifest:
         所有输出均为最新。
         Mend.vcxproj -> G:\git\OurGame\OurDream\2D游戏\2D类仙剑1游戏\Mend\Debug\Mend.exe
       FinalizeBuildStatus:
         正在删除文件“Debug\Mend.unsuccessfulbuild”。
         正在对“Debug\Mend.lastbuildstate”执行 Touch 任务。
     1>已完成生成项目“G:\git\OurGame\OurDream\2D游戏\2D类仙剑1游戏\Mend\Mend\Mend.vcxproj”(build 个目标)的操作。

生成成功。

已用时间 00:00:02.13
